C51 COMPILER V9.60.0.0   DISPLAY_DECODE                                                    07/03/2022 22:02:50 PAGE 1   


C51 COMPILER V9.60.0.0, COMPILATION OF MODULE DISPLAY_DECODE
OBJECT MODULE PLACED IN .\output\display_decode.obj
COMPILER INVOKED BY: E:\Keil_v5\C51\BIN\C51.EXE source\display_decode.c OPTIMIZE(8,SPEED) BROWSE INCDIR(.\inc) DEBUG OBJ
                    -ECTEXTEND PRINT(.\list\display_decode.lst) TABS(2) OBJECT(.\output\display_decode.obj)

line level    source

   1          #include "display_decode.h"
   2          
   3          //Display decode table
   4          code char decode_table[] = {
   5              0x3f, 0x06, 0x5b, 0x4f, 0x66, 0x6d, 0x7d, 0x07, 0x7f, 0x6f, //[0] -[9]  : Digit 0~9
   6              0x77, 0x7c, 0x39, 0x5e, 0x79, 0x71, 0x3d, 0x76, 0x0f, 0x0e, //[10]-[35] : Alphabet A~Z
   7              0x75, 0x38, 0x37, 0x54, 0x5c, 0x73, 0x67, 0x31, 0x49, 0x78,
   8              0x3e, 0x1c, 0x7e, 0x64, 0x6e, 0x59,
   9              0x00, 0x80                                                        //[36]      : Whitespace
  10          };
  11          
  12          char ch_to_index(char ch)
  13          {
  14   1          if('0' <= ch && ch <= '9')
  15   1              return ch - '0';
  16   1          
  17   1          if('a' <= ch && ch <= 'z')
  18   1              return ch - 'a' + 10;
  19   1      
  20   1          if('A' <= ch && ch <= 'A')
  21   1              return ch - 'A';
  22   1      
  23   1          if(ch == ' ')
  24   1              return 36;
  25   1          
  26   1          return 36;
  27   1      }


MODULE INFORMATION:   STATIC OVERLAYABLE
   CODE SIZE        =    105    ----
   CONSTANT SIZE    =     38    ----
   XDATA SIZE       =   ----    ----
   PDATA SIZE       =   ----    ----
   DATA SIZE        =   ----    ----
   IDATA SIZE       =   ----    ----
   BIT SIZE         =   ----    ----
END OF MODULE INFORMATION.


C51 COMPILATION COMPLETE.  0 WARNING(S),  0 ERROR(S)
