C51 COMPILER V9.60.0.0   MAIN                                                              07/02/2022 00:48:28 PAGE 1   


C51 COMPILER V9.60.0.0, COMPILATION OF MODULE MAIN
OBJECT MODULE PLACED IN .\output\main.obj
COMPILER INVOKED BY: E:\Keil_v5\C51\BIN\C51.EXE source\main.c OPTIMIZE(8,SPEED) INCDIR(.\inc) PRINT(.\list\main.lst) TAB
                    -S(2) OBJECT(.\output\main.obj)

line level    source

   1          #include "common_include.h"
   2          
   3          #include "init.h"
   4          #include "display_decode.h"
   5          #include "callback.h"
   6          // #include "messageloop.h"
   7          #include "state_control.h"
   8          #include "main_loop.h"
   9          
  10          void main()
  11          {
  12   1        global_init();
  13   1        init_callbacks();
  14   1      
  15   1        MySTC_Init();
  16   1        // delay_ms(20);
  17   1        //init light base and clock base
  18   1        clock_base = RTC_Read();
  19   1        light_base = adc_res.Rop;
  20   1        while (1)
  21   1        {
  22   2          MySTC_OS();
  23   2          LED_rotate_disp();
  24   2          SEG_disp();
  25   2        }
  26   1        // message_loop();
  27   1      }


MODULE INFORMATION:   STATIC OVERLAYABLE
   CODE SIZE        =     49    ----
   CONSTANT SIZE    =   ----    ----
   XDATA SIZE       =   ----    ----
   PDATA SIZE       =   ----    ----
   DATA SIZE        =   ----    ----
   IDATA SIZE       =   ----    ----
   BIT SIZE         =   ----    ----
END OF MODULE INFORMATION.


C51 COMPILATION COMPLETE.  0 WARNING(S),  0 ERROR(S)
